TN:
SF:src/app.ts
FNF:0
FNH:0
DA:1,1
DA:2,1
DA:3,1
DA:4,1
DA:5,1
DA:6,1
DA:7,1
DA:8,1
DA:9,1
DA:10,1
DA:11,1
DA:12,1
DA:13,1
DA:14,1
DA:15,1
DA:16,1
DA:17,1
LF:17
LH:17
BRF:0
BRH:0
end_of_record
TN:
SF:src/db/mongoose.ts
FNF:0
FNH:0
DA:1,1
DA:2,1
DA:3,1
DA:4,1
DA:5,1
DA:6,1
DA:7,0
DA:8,0
LF:8
LH:6
BRDA:6,0,0,0
BRF:1
BRH:0
end_of_record
TN:
SF:src/models/challengeModel.ts
FN:26,validate
FN:38,validate
FN:57,validate
FNF:3
FNH:0
FNDA:0,validate
FNDA:0,validate
FNDA:0,validate
DA:1,1
DA:2,1
DA:3,1
DA:4,1
DA:5,1
DA:6,1
DA:7,1
DA:8,1
DA:9,1
DA:10,1
DA:11,1
DA:12,1
DA:13,1
DA:14,1
DA:15,1
DA:16,1
DA:17,1
DA:18,1
DA:19,1
DA:20,1
DA:21,1
DA:22,1
DA:23,1
DA:24,1
DA:25,1
DA:26,1
DA:27,0
DA:28,0
DA:29,0
DA:30,0
DA:31,0
DA:32,1
DA:33,1
DA:34,1
DA:35,1
DA:36,1
DA:37,1
DA:38,1
DA:39,0
DA:40,0
DA:41,0
DA:42,0
DA:43,1
DA:44,1
DA:45,1
DA:46,1
DA:47,1
DA:48,1
DA:49,1
DA:50,1
DA:51,1
DA:52,1
DA:53,1
DA:54,1
DA:55,1
DA:56,1
DA:57,1
DA:58,0
DA:59,0
DA:60,0
DA:61,0
DA:62,1
DA:63,1
DA:64,1
DA:65,1
DA:66,1
DA:67,1
DA:68,1
DA:69,1
DA:70,1
DA:71,1
DA:72,1
DA:73,1
DA:74,1
DA:75,1
DA:76,1
DA:77,1
DA:78,1
DA:79,1
DA:80,1
DA:81,1
DA:82,1
DA:83,1
DA:84,1
DA:85,1
DA:86,1
DA:87,1
DA:88,1
DA:89,1
DA:90,1
LF:90
LH:77
BRF:0
BRH:0
end_of_record
TN:
SF:src/models/groupModel.ts
FN:29,validate
FN:41,validate
FN:51,validate
FN:62,get
FN:65,validate
FN:75,validate
FN:89,validator
FN:98,validator
FNF:8
FNH:7
FNDA:7,validate
FNDA:7,validate
FNDA:5,validate
FNDA:0,get
FNDA:5,validate
FNDA:5,validate
FNDA:6,validator
FNDA:6,validator
DA:1,1
DA:2,1
DA:3,1
DA:4,1
DA:5,1
DA:6,1
DA:7,1
DA:8,1
DA:9,1
DA:10,1
DA:11,1
DA:12,1
DA:13,1
DA:14,1
DA:15,1
DA:16,1
DA:17,1
DA:18,1
DA:19,1
DA:20,1
DA:21,1
DA:22,1
DA:23,1
DA:24,1
DA:25,1
DA:26,1
DA:27,1
DA:28,1
DA:29,1
DA:30,7
DA:31,2
DA:32,7
DA:33,0
DA:34,0
DA:35,7
DA:36,1
DA:37,1
DA:38,1
DA:39,1
DA:40,1
DA:41,1
DA:42,7
DA:43,5
DA:44,5
DA:45,7
DA:46,1
DA:47,1
DA:48,1
DA:49,1
DA:50,1
DA:51,1
DA:52,5
DA:53,0
DA:54,5
DA:55,0
DA:56,0
DA:57,5
DA:58,1
DA:59,1
DA:60,1
DA:61,1
DA:62,1
DA:63,0
DA:64,1
DA:65,1
DA:66,5
DA:67,0
DA:68,0
DA:69,5
DA:70,1
DA:71,1
DA:72,1
DA:73,1
DA:74,1
DA:75,1
DA:76,5
DA:77,0
DA:78,0
DA:79,5
DA:80,1
DA:81,1
DA:82,1
DA:83,1
DA:84,1
DA:85,1
DA:86,1
DA:87,1
DA:88,1
DA:89,1
DA:90,6
DA:91,3
DA:92,2
DA:93,2
DA:94,3
DA:95,1
DA:96,1
DA:97,1
DA:98,1
DA:99,6
DA:100,6
DA:101,3
DA:102,0
DA:103,3
DA:104,0
DA:105,3
DA:106,0
DA:107,0
DA:108,3
DA:109,6
DA:110,1
DA:111,1
DA:112,1
DA:113,1
DA:114,1
DA:115,1
DA:116,1
DA:117,1
DA:118,1
DA:119,1
DA:120,1
DA:121,1
DA:122,1
DA:123,1
DA:124,1
DA:125,1
DA:126,1
DA:127,1
DA:128,3
DA:129,3
DA:130,3
DA:131,2
DA:132,2
DA:133,0
DA:134,0
DA:135,0
DA:136,0
DA:137,2
DA:138,2
DA:139,2
DA:140,2
DA:141,3
DA:142,3
DA:143,3
DA:144,3
DA:145,2
DA:146,2
DA:147,3
DA:148,1
DA:149,1
DA:150,1
DA:151,1
DA:152,1
LF:152
LH:134
BRDA:29,0,0,7
BRDA:30,1,0,2
BRDA:32,2,0,5
BRDA:32,3,0,0
BRDA:41,4,0,7
BRDA:42,5,0,5
BRDA:51,6,0,5
BRDA:52,7,0,0
BRDA:54,8,0,0
BRDA:54,9,0,5
BRDA:65,10,0,5
BRDA:66,11,0,0
BRDA:75,12,0,5
BRDA:76,13,0,0
BRDA:89,14,0,6
BRDA:90,15,0,3
BRDA:91,16,0,2
BRDA:98,17,0,6
BRDA:100,18,0,3
BRDA:101,19,0,0
BRDA:103,20,0,0
BRDA:105,21,0,0
BRDA:127,22,0,3
BRDA:144,23,0,2
BRDA:130,24,0,2
BRDA:132,25,0,0
BRDA:132,26,0,0
BRF:27
BRH:17
end_of_record
TN:
SF:src/models/trackModel.ts
FN:30,validate
FN:41,validate
FN:50,validate
FN:59,validate
FN:74,validator
FN:81,validator
FNF:6
FNH:6
FNDA:4,validate
FNDA:4,validate
FNDA:4,validate
FNDA:4,validate
FNDA:4,validator
FNDA:4,validator
DA:1,1
DA:2,1
DA:3,1
DA:4,1
DA:5,1
DA:6,1
DA:7,1
DA:8,1
DA:9,1
DA:10,1
DA:11,1
DA:12,1
DA:13,1
DA:14,1
DA:15,1
DA:16,1
DA:17,1
DA:18,1
DA:19,1
DA:20,1
DA:21,1
DA:22,1
DA:23,1
DA:24,1
DA:25,1
DA:26,1
DA:27,1
DA:28,1
DA:29,1
DA:30,1
DA:31,4
DA:32,0
DA:33,4
DA:34,0
DA:35,0
DA:36,4
DA:37,1
DA:38,1
DA:39,1
DA:40,1
DA:41,1
DA:42,4
DA:43,0
DA:44,0
DA:45,4
DA:46,1
DA:47,1
DA:48,1
DA:49,1
DA:50,1
DA:51,4
DA:52,0
DA:53,0
DA:54,4
DA:55,1
DA:56,1
DA:57,1
DA:58,1
DA:59,1
DA:60,4
DA:61,0
DA:62,0
DA:63,4
DA:64,1
DA:65,1
DA:66,1
DA:67,1
DA:68,1
DA:69,1
DA:70,1
DA:71,1
DA:72,1
DA:73,1
DA:74,1
DA:75,4
DA:76,0
DA:77,0
DA:78,4
DA:79,1
DA:80,1
DA:81,1
DA:82,4
DA:83,4
DA:84,1
DA:85,1
DA:86,1
DA:87,1
DA:88,1
DA:89,1
DA:90,1
DA:91,1
DA:92,1
DA:93,1
DA:94,1
DA:95,1
DA:96,1
DA:97,1
DA:98,1
DA:99,1
LF:99
LH:88
BRDA:30,0,0,4
BRDA:31,1,0,0
BRDA:33,2,0,0
BRDA:41,3,0,4
BRDA:42,4,0,0
BRDA:50,5,0,4
BRDA:51,6,0,0
BRDA:59,7,0,4
BRDA:60,8,0,0
BRDA:74,9,0,4
BRDA:75,10,0,0
BRDA:81,11,0,4
BRF:12
BRH:6
end_of_record
TN:
SF:src/models/userModel.ts
FN:32,validate
FN:48,validate
FN:58,validate
FN:68,validate
FN:79,validate
FN:89,validate
FN:104,validator
FN:118,validator
FNF:8
FNH:8
FNDA:5,validate
FNDA:6,validate
FNDA:6,validate
FNDA:5,validate
FNDA:5,validate
FNDA:5,validate
FNDA:6,validator
FNDA:6,validator
DA:1,1
DA:2,1
DA:3,1
DA:4,1
DA:5,1
DA:6,1
DA:7,1
DA:8,1
DA:9,1
DA:10,1
DA:11,1
DA:12,1
DA:13,1
DA:14,1
DA:15,1
DA:16,1
DA:17,1
DA:18,1
DA:19,1
DA:20,1
DA:21,1
DA:22,1
DA:23,1
DA:24,1
DA:25,1
DA:26,1
DA:27,1
DA:28,1
DA:29,1
DA:30,1
DA:31,1
DA:32,1
DA:33,5
DA:34,0
DA:35,0
DA:36,5
DA:37,1
DA:38,1
DA:39,1
DA:40,1
DA:41,1
DA:42,1
DA:43,1
DA:44,1
DA:45,1
DA:46,1
DA:47,1
DA:48,1
DA:49,6
DA:50,1
DA:51,1
DA:52,6
DA:53,1
DA:54,1
DA:55,1
DA:56,1
DA:57,1
DA:58,1
DA:59,6
DA:60,1
DA:61,1
DA:62,6
DA:63,1
DA:64,1
DA:65,1
DA:66,1
DA:67,1
DA:68,1
DA:69,5
DA:70,0
DA:71,5
DA:72,0
DA:73,0
DA:74,5
DA:75,1
DA:76,1
DA:77,1
DA:78,1
DA:79,1
DA:80,5
DA:81,0
DA:82,0
DA:83,5
DA:84,1
DA:85,1
DA:86,1
DA:87,1
DA:88,1
DA:89,1
DA:90,5
DA:91,0
DA:92,0
DA:93,5
DA:94,1
DA:95,1
DA:96,1
DA:97,1
DA:98,1
DA:99,1
DA:100,1
DA:101,1
DA:102,1
DA:103,1
DA:104,1
DA:105,6
DA:106,6
DA:107,2
DA:108,0
DA:109,2
DA:110,0
DA:111,2
DA:112,0
DA:113,0
DA:114,2
DA:115,6
DA:116,1
DA:117,1
DA:118,1
DA:119,6
DA:120,2
DA:121,2
DA:122,2
DA:123,2
DA:124,1
DA:125,1
DA:126,1
DA:127,1
DA:128,1
DA:129,1
DA:130,1
DA:131,5
DA:132,5
DA:133,5
DA:134,1
DA:135,1
DA:136,0
DA:137,0
DA:138,0
DA:139,0
DA:140,1
DA:141,1
DA:142,1
DA:143,1
DA:144,5
DA:145,5
DA:146,5
DA:147,5
DA:148,1
DA:149,1
DA:150,5
DA:151,1
DA:152,1
DA:153,1
DA:154,1
DA:155,1
DA:156,1
LF:156
LH:139
BRDA:32,0,0,5
BRDA:33,1,0,0
BRDA:48,2,0,6
BRDA:49,3,0,1
BRDA:58,4,0,6
BRDA:59,5,0,1
BRDA:68,6,0,5
BRDA:69,7,0,0
BRDA:71,8,0,0
BRDA:71,9,0,5
BRDA:79,10,0,5
BRDA:80,11,0,0
BRDA:89,12,0,5
BRDA:90,13,0,0
BRDA:104,14,0,6
BRDA:106,15,0,2
BRDA:107,16,0,0
BRDA:109,17,0,0
BRDA:111,18,0,0
BRDA:118,19,0,6
BRDA:119,20,0,2
BRDA:130,21,0,5
BRDA:147,22,0,1
BRDA:133,23,0,1
BRDA:135,24,0,0
BRDA:135,25,0,0
BRF:26
BRH:16
end_of_record
TN:
SF:src/routers/challengeRouter.ts
FNF:0
FNH:0
DA:1,1
DA:2,1
DA:3,1
DA:4,1
DA:5,1
DA:6,1
DA:7,1
DA:8,1
DA:9,1
DA:10,1
DA:11,1
DA:12,1
DA:13,1
DA:14,1
DA:15,1
DA:16,1
LF:16
LH:16
BRF:0
BRH:0
end_of_record
TN:
SF:src/routers/defaultRouter.ts
FNF:0
FNH:0
DA:1,1
DA:2,1
DA:3,1
DA:4,1
DA:5,1
DA:6,0
DA:7,1
LF:7
LH:6
BRF:0
BRH:0
end_of_record
TN:
SF:src/routers/groupRouter.ts
FNF:0
FNH:0
DA:1,1
DA:2,1
DA:3,1
DA:4,1
DA:5,1
DA:6,1
DA:7,1
DA:8,1
DA:9,1
DA:10,1
DA:11,1
DA:12,1
DA:13,1
DA:14,1
DA:15,1
DA:16,1
LF:16
LH:16
BRF:0
BRH:0
end_of_record
TN:
SF:src/routers/trackRouter.ts
FNF:0
FNH:0
DA:1,1
DA:2,1
DA:3,1
DA:4,1
DA:5,1
DA:6,1
DA:7,1
DA:8,1
DA:9,1
DA:10,1
DA:11,1
DA:12,1
DA:13,1
DA:14,1
DA:15,1
DA:16,1
LF:16
LH:16
BRF:0
BRH:0
end_of_record
TN:
SF:src/routers/userRouter.ts
FNF:0
FNH:0
DA:1,1
DA:2,1
DA:3,1
DA:4,1
DA:5,1
DA:6,1
DA:7,1
DA:8,1
DA:9,1
DA:10,1
DA:11,1
DA:12,1
DA:13,1
DA:14,1
DA:15,1
DA:16,1
LF:16
LH:16
BRF:0
BRH:0
end_of_record
TN:
SF:src/routers/challenge/delete.ts
FN:5,deleteChallenge
FN:25,deleteChallengeQuery
FNF:2
FNH:0
FNDA:0,deleteChallenge
FNDA:0,deleteChallengeQuery
DA:1,1
DA:2,1
DA:3,1
DA:4,1
DA:5,1
DA:6,0
DA:7,0
DA:8,0
DA:9,0
DA:10,0
DA:11,0
DA:12,0
DA:13,0
DA:14,0
DA:15,0
DA:16,0
DA:17,0
DA:18,0
DA:19,0
DA:20,0
DA:21,0
DA:22,0
DA:23,0
DA:24,1
DA:25,1
DA:26,0
DA:27,0
DA:28,0
DA:29,0
DA:30,0
DA:31,0
DA:32,0
DA:33,0
DA:34,0
DA:35,0
DA:36,0
DA:37,0
DA:38,0
DA:39,0
DA:40,0
DA:41,0
DA:42,0
LF:42
LH:7
BRF:0
BRH:0
end_of_record
TN:
SF:src/routers/challenge/get.ts
FN:4,getChallenge
FN:19,getChallengeQuery
FNF:2
FNH:0
FNDA:0,getChallenge
FNDA:0,getChallengeQuery
DA:1,1
DA:2,1
DA:3,1
DA:4,1
DA:5,0
DA:6,0
DA:7,0
DA:8,0
DA:9,0
DA:10,0
DA:11,0
DA:12,0
DA:13,0
DA:14,0
DA:15,0
DA:16,0
DA:17,0
DA:18,1
DA:19,1
DA:20,0
DA:21,0
DA:22,0
DA:23,0
DA:24,0
DA:25,0
DA:26,0
DA:27,0
DA:28,0
DA:29,0
DA:30,0
DA:31,0
DA:32,0
LF:32
LH:6
BRF:0
BRH:0
end_of_record
TN:
SF:src/routers/challenge/patch.ts
FN:5,patchChallengeQuery
FN:40,patchChallenge
FNF:2
FNH:0
FNDA:0,patchChallengeQuery
FNDA:0,patchChallenge
DA:1,1
DA:2,1
DA:3,1
DA:4,1
DA:5,1
DA:6,0
DA:7,0
DA:8,0
DA:9,0
DA:10,0
DA:11,0
DA:12,0
DA:13,0
DA:14,0
DA:15,0
DA:16,0
DA:17,0
DA:18,0
DA:19,0
DA:20,0
DA:21,0
DA:22,0
DA:23,0
DA:24,0
DA:25,0
DA:26,0
DA:27,0
DA:28,0
DA:29,0
DA:30,0
DA:31,0
DA:32,0
DA:33,0
DA:34,0
DA:35,0
DA:36,1
DA:37,1
DA:38,1
DA:39,1
DA:40,1
DA:41,0
DA:42,0
DA:43,0
DA:44,0
DA:45,0
DA:46,0
DA:47,0
DA:48,0
DA:49,0
DA:50,0
DA:51,0
DA:52,0
DA:53,0
DA:54,0
DA:55,0
DA:56,0
DA:57,0
DA:58,0
DA:59,0
DA:60,0
DA:61,0
DA:62,0
DA:63,0
DA:64,0
DA:65,0
DA:66,0
LF:66
LH:10
BRF:0
BRH:0
end_of_record
TN:
SF:src/routers/challenge/post.ts
FN:4,postChallenge
FNF:1
FNH:0
FNDA:0,postChallenge
DA:1,1
DA:2,1
DA:3,1
DA:4,1
DA:5,0
DA:6,0
DA:7,0
DA:8,0
DA:9,0
DA:10,0
DA:11,0
DA:12,0
DA:13,0
DA:14,0
DA:15,0
DA:16,0
DA:17,0
DA:18,0
DA:19,0
DA:20,0
LF:20
LH:4
BRF:0
BRH:0
end_of_record
TN:
SF:src/routers/group/delete.ts
FN:6,deleteGroupQuery
FN:29,deleteGroup
FNF:2
FNH:2
FNDA:2,deleteGroupQuery
FNDA:2,deleteGroup
DA:1,1
DA:2,1
DA:3,1
DA:4,1
DA:5,1
DA:6,1
DA:7,2
DA:8,0
DA:9,0
DA:10,2
DA:11,2
DA:12,2
DA:13,2
DA:14,2
DA:15,1
DA:16,1
DA:17,1
DA:18,1
DA:19,1
DA:20,1
DA:21,1
DA:22,1
DA:23,2
DA:24,0
DA:25,0
DA:26,2
DA:27,1
DA:28,1
DA:29,1
DA:30,2
DA:31,0
DA:32,0
DA:33,2
DA:34,2
DA:35,2
DA:36,2
DA:37,2
DA:38,1
DA:39,1
DA:40,1
DA:41,1
DA:42,1
DA:43,1
DA:44,1
DA:45,1
DA:46,2
DA:47,0
DA:48,0
DA:49,2
LF:49
LH:41
BRDA:6,0,0,2
BRDA:7,1,0,0
BRDA:14,2,0,1
BRDA:23,3,0,0
BRDA:29,4,0,2
BRDA:30,5,0,0
BRDA:37,6,0,1
BRDA:46,7,0,0
BRF:8
BRH:4
end_of_record
TN:
SF:src/routers/group/get.ts
FN:4,getGroupQuery
FN:20,getGroup
FNF:2
FNH:2
FNDA:3,getGroupQuery
FNDA:2,getGroup
DA:1,1
DA:2,1
DA:3,1
DA:4,1
DA:5,3
DA:6,3
DA:7,3
DA:8,3
DA:9,3
DA:10,3
DA:11,2
DA:12,2
DA:13,1
DA:14,3
DA:15,0
DA:16,0
DA:17,3
DA:18,1
DA:19,1
DA:20,1
DA:21,2
DA:22,2
DA:23,2
DA:24,2
DA:25,2
DA:26,2
DA:27,1
DA:28,1
DA:29,1
DA:30,2
DA:31,0
DA:32,0
DA:33,2
LF:33
LH:29
BRDA:4,0,0,3
BRDA:5,1,0,2
BRDA:5,2,0,1
BRDA:10,3,0,2
BRDA:13,4,0,1
BRDA:14,5,0,0
BRDA:20,6,0,2
BRDA:21,7,0,0
BRDA:26,8,0,1
BRDA:30,9,0,0
BRF:10
BRH:7
end_of_record
TN:
SF:src/routers/group/patch.ts
FN:7,patchGroupQuery
FN:82,patchGroup
FNF:2
FNH:2
FNDA:5,patchGroupQuery
FNDA:3,patchGroup
DA:1,1
DA:2,1
DA:3,1
DA:4,1
DA:5,1
DA:6,1
DA:7,1
DA:8,5
DA:9,2
DA:10,2
DA:11,3
DA:12,3
DA:13,3
DA:14,3
DA:15,3
DA:16,5
DA:17,1
DA:18,1
DA:19,2
DA:20,2
DA:21,2
DA:22,5
DA:23,5
DA:24,5
DA:25,5
DA:26,5
DA:27,5
DA:28,5
DA:29,5
DA:30,5
DA:31,1
DA:32,1
DA:33,0
DA:34,0
DA:35,0
DA:36,0
DA:37,1
DA:38,2
DA:39,2
DA:40,5
DA:41,1
DA:42,1
DA:43,1
DA:44,1
DA:45,2
DA:46,2
DA:47,2
DA:48,2
DA:49,5
DA:50,1
DA:51,1
DA:52,1
DA:53,0
DA:54,0
DA:55,0
DA:56,0
DA:57,0
DA:58,0
DA:59,0
DA:60,0
DA:61,0
DA:62,0
DA:63,1
DA:64,1
DA:65,2
DA:66,2
DA:67,2
DA:68,2
DA:69,2
DA:70,2
DA:71,5
DA:72,1
DA:73,1
DA:74,1
DA:75,5
DA:76,0
DA:77,0
DA:78,5
DA:79,1
DA:80,1
DA:81,1
DA:82,1
DA:83,3
DA:84,3
DA:85,3
DA:86,3
DA:87,3
DA:88,3
DA:89,1
DA:90,1
DA:91,2
DA:92,2
DA:93,2
DA:94,3
DA:95,3
DA:96,3
DA:97,3
DA:98,3
DA:99,3
DA:100,3
DA:101,3
DA:102,3
DA:103,1
DA:104,1
DA:105,1
DA:106,1
DA:107,1
DA:108,1
DA:109,1
DA:110,2
DA:111,2
DA:112,3
DA:113,1
DA:114,1
DA:115,1
DA:116,1
DA:117,2
DA:118,2
DA:119,2
DA:120,2
DA:121,3
DA:122,1
DA:123,1
DA:124,1
DA:125,0
DA:126,0
DA:127,0
DA:128,0
DA:129,0
DA:130,0
DA:131,0
DA:132,0
DA:133,0
DA:134,0
DA:135,1
DA:136,1
DA:137,2
DA:138,2
DA:139,2
DA:140,2
DA:141,2
DA:142,3
DA:143,1
DA:144,1
DA:145,1
DA:146,3
DA:147,0
DA:148,0
DA:149,3
LF:149
LH:121
BRDA:7,0,0,5
BRDA:8,1,0,2
BRDA:11,2,0,3
BRDA:16,3,0,1
BRDA:19,4,0,2
BRDA:22,5,0,1
BRDA:27,6,0,2
BRDA:27,7,0,1
BRDA:30,8,0,1
BRDA:30,9,0,1
BRDA:30,10,0,1
BRDA:32,11,0,0
BRDA:38,12,0,2
BRDA:40,13,0,1
BRDA:40,14,0,1
BRDA:45,15,0,2
BRDA:49,16,0,1
BRDA:49,17,0,1
BRDA:52,18,0,0
BRDA:65,19,0,2
BRDA:71,20,0,1
BRDA:75,21,0,0
BRDA:14,22,0,4
BRDA:82,23,0,3
BRDA:88,24,0,1
BRDA:91,25,0,2
BRDA:94,26,0,1
BRDA:99,27,0,2
BRDA:99,28,0,1
BRDA:102,29,0,1
BRDA:102,30,0,1
BRDA:102,31,0,1
BRDA:110,32,0,2
BRDA:112,33,0,1
BRDA:112,34,0,1
BRDA:117,35,0,2
BRDA:121,36,0,1
BRDA:121,37,0,1
BRDA:124,38,0,0
BRDA:137,39,0,2
BRDA:142,40,0,1
BRDA:146,41,0,0
BRDA:86,42,0,3
BRDA:103,43,0,1
BRF:44
BRH:39
end_of_record
TN:
SF:src/routers/group/post.ts
FN:7,postGroup
FNF:1
FNH:1
FNDA:5,postGroup
DA:1,1
DA:2,1
DA:3,1
DA:4,1
DA:5,1
DA:6,1
DA:7,1
DA:8,5
DA:9,5
DA:10,5
DA:11,5
DA:12,5
DA:13,5
DA:14,3
DA:15,3
DA:16,5
DA:17,5
DA:18,5
DA:19,3
DA:20,3
DA:21,3
DA:22,3
DA:23,3
DA:24,3
DA:25,3
DA:26,3
DA:27,2
DA:28,2
DA:29,2
DA:30,2
DA:31,2
DA:32,2
DA:33,2
DA:34,2
DA:35,2
DA:36,2
DA:37,3
DA:38,3
DA:39,3
DA:40,3
DA:41,3
DA:42,3
DA:43,3
DA:44,5
DA:45,2
DA:46,2
DA:47,5
DA:48,5
LF:48
LH:48
BRDA:7,0,0,5
BRDA:13,1,0,3
BRDA:19,2,0,3
BRDA:26,3,0,2
BRDA:44,4,0,2
BRF:5
BRH:5
end_of_record
TN:
SF:src/routers/track/delete.ts
FN:4,deleteTrack
FN:28,deleteTrackQuery
FNF:2
FNH:0
FNDA:0,deleteTrack
FNDA:0,deleteTrackQuery
DA:1,1
DA:2,1
DA:3,1
DA:4,1
DA:5,0
DA:6,0
DA:7,0
DA:8,0
DA:9,0
DA:10,0
DA:11,0
DA:12,0
DA:13,0
DA:14,0
DA:15,0
DA:16,0
DA:17,0
DA:18,0
DA:19,0
DA:20,0
DA:21,0
DA:22,0
DA:23,0
DA:24,0
DA:25,1
DA:26,1
DA:27,1
DA:28,1
DA:29,0
DA:30,0
DA:31,0
DA:32,0
DA:33,0
DA:34,0
DA:35,0
DA:36,0
DA:37,0
DA:38,0
DA:39,0
DA:40,0
DA:41,0
DA:42,0
DA:43,0
DA:44,0
DA:45,0
DA:46,0
DA:47,0
DA:48,0
LF:48
LH:8
BRF:0
BRH:0
end_of_record
TN:
SF:src/routers/track/get.ts
FN:3,getTrackQuery
FN:18,getTrack
FNF:2
FNH:0
FNDA:0,getTrackQuery
FNDA:0,getTrack
DA:1,1
DA:2,1
DA:3,1
DA:4,0
DA:5,0
DA:6,0
DA:7,0
DA:8,0
DA:9,0
DA:10,0
DA:11,0
DA:12,0
DA:13,0
DA:14,0
DA:15,0
DA:16,0
DA:17,1
DA:18,1
DA:19,0
DA:20,0
DA:21,0
DA:22,0
DA:23,0
DA:24,0
DA:25,0
DA:26,0
DA:27,0
DA:28,0
DA:29,0
DA:30,0
DA:31,0
LF:31
LH:5
BRF:0
BRH:0
end_of_record
TN:
SF:src/routers/track/patch.ts
FN:4,patchTrackQuery
FN:30,patchTrack
FNF:2
FNH:0
FNDA:0,patchTrackQuery
FNDA:0,patchTrack
DA:1,1
DA:2,1
DA:3,1
DA:4,1
DA:5,0
DA:6,0
DA:7,0
DA:8,0
DA:9,0
DA:10,0
DA:11,0
DA:12,0
DA:13,0
DA:14,0
DA:15,0
DA:16,0
DA:17,0
DA:18,0
DA:19,0
DA:20,0
DA:21,0
DA:22,0
DA:23,0
DA:24,0
DA:25,0
DA:26,0
DA:27,0
DA:28,1
DA:29,1
DA:30,1
DA:31,0
DA:32,0
DA:33,0
DA:34,0
DA:35,0
DA:36,0
DA:37,0
DA:38,0
DA:39,0
DA:40,0
DA:41,0
DA:42,0
DA:43,0
DA:44,0
DA:45,0
DA:46,0
DA:47,0
DA:48,0
DA:49,0
DA:50,0
LF:50
LH:7
BRF:0
BRH:0
end_of_record
TN:
SF:src/routers/track/post.ts
FN:3,postTrack
FNF:1
FNH:1
FNDA:4,postTrack
DA:1,1
DA:2,1
DA:3,1
DA:4,4
DA:5,4
DA:6,4
DA:7,4
DA:8,4
DA:9,0
DA:10,0
DA:11,4
DA:12,1
DA:13,1
DA:14,1
DA:15,1
DA:16,1
DA:17,1
DA:18,1
DA:19,1
DA:20,1
DA:21,1
DA:22,1
LF:22
LH:20
BRDA:3,0,0,4
BRDA:8,1,0,0
BRF:2
BRH:1
end_of_record
TN:
SF:src/routers/user/delete.ts
FN:6,deleteUserQuery
FN:33,deleteUser
FNF:2
FNH:2
FNDA:2,deleteUserQuery
FNDA:2,deleteUser
DA:1,1
DA:2,1
DA:3,1
DA:4,1
DA:5,1
DA:6,1
DA:7,2
DA:8,0
DA:9,0
DA:10,2
DA:11,2
DA:12,2
DA:13,1
DA:14,1
DA:15,1
DA:16,1
DA:17,1
DA:18,1
DA:19,1
DA:20,1
DA:21,1
DA:22,1
DA:23,1
DA:24,1
DA:25,1
DA:26,1
DA:27,2
DA:28,0
DA:29,0
DA:30,2
DA:31,1
DA:32,1
DA:33,1
DA:34,2
DA:35,0
DA:36,0
DA:37,2
DA:38,2
DA:39,2
DA:40,2
DA:41,2
DA:42,1
DA:43,1
DA:44,1
DA:45,1
DA:46,1
DA:47,1
DA:48,1
DA:49,1
DA:50,1
DA:51,1
DA:52,1
DA:53,1
DA:54,1
DA:55,1
DA:56,2
DA:57,0
DA:58,0
DA:59,2
LF:59
LH:51
BRDA:6,0,0,2
BRDA:7,1,0,0
BRDA:12,2,0,1
BRDA:27,3,0,0
BRDA:33,4,0,2
BRDA:34,5,0,0
BRDA:41,6,0,1
BRDA:56,7,0,0
BRF:8
BRH:4
end_of_record
TN:
SF:src/routers/user/get.ts
FN:3,getUserQuery
FN:19,getUser
FNF:2
FNH:2
FNDA:3,getUserQuery
FNDA:2,getUser
DA:1,1
DA:2,1
DA:3,1
DA:4,3
DA:5,3
DA:6,3
DA:7,3
DA:8,3
DA:9,3
DA:10,2
DA:11,2
DA:12,1
DA:13,3
DA:14,0
DA:15,0
DA:16,3
DA:17,1
DA:18,1
DA:19,1
DA:20,2
DA:21,2
DA:22,2
DA:23,2
DA:24,2
DA:25,2
DA:26,2
DA:27,1
DA:28,1
DA:29,1
DA:30,2
DA:31,0
DA:32,0
DA:33,2
LF:33
LH:29
BRDA:3,0,0,3
BRDA:5,1,0,2
BRDA:5,2,0,1
BRDA:9,3,0,2
BRDA:12,4,0,1
BRDA:13,5,0,0
BRDA:19,6,0,2
BRDA:22,7,0,0
BRDA:26,8,0,1
BRDA:30,9,0,0
BRF:10
BRH:7
end_of_record
TN:
SF:src/routers/user/patch.ts
FN:7,patchUserQuery
FN:107,patchUser
FNF:2
FNH:2
FNDA:4,patchUserQuery
FNDA:2,patchUser
DA:1,1
DA:2,1
DA:3,1
DA:4,1
DA:5,1
DA:6,1
DA:7,1
DA:8,4
DA:9,2
DA:10,2
DA:11,2
DA:12,2
DA:13,2
DA:14,2
DA:15,2
DA:16,2
DA:17,4
DA:18,1
DA:19,1
DA:20,1
DA:21,1
DA:22,1
DA:23,4
DA:24,4
DA:25,4
DA:26,4
DA:27,4
DA:28,4
DA:29,4
DA:30,4
DA:31,4
DA:32,4
DA:33,1
DA:34,1
DA:35,0
DA:36,0
DA:37,0
DA:38,0
DA:39,1
DA:40,1
DA:41,1
DA:42,4
DA:43,1
DA:44,1
DA:45,1
DA:46,1
DA:47,1
DA:48,1
DA:49,1
DA:50,1
DA:51,1
DA:52,1
DA:53,4
DA:54,1
DA:55,1
DA:56,0
DA:57,0
DA:58,1
DA:59,1
DA:60,1
DA:61,4
DA:62,1
DA:63,1
DA:64,1
DA:65,1
DA:66,1
DA:67,1
DA:68,4
DA:69,1
DA:70,0
DA:71,0
DA:72,1
DA:73,1
DA:74,1
DA:75,1
DA:76,1
DA:77,4
DA:78,1
DA:79,1
DA:80,0
DA:81,0
DA:82,0
DA:83,0
DA:84,0
DA:85,0
DA:86,0
DA:87,0
DA:88,0
DA:89,0
DA:90,1
DA:91,1
DA:92,1
DA:93,1
DA:94,1
DA:95,1
DA:96,1
DA:97,1
DA:98,1
DA:99,1
DA:100,1
DA:101,0
DA:102,0
DA:103,0
DA:104,0
DA:105,4
DA:106,1
DA:107,1
DA:108,2
DA:109,0
DA:110,0
DA:111,2
DA:112,2
DA:113,2
DA:114,2
DA:115,2
DA:116,2
DA:117,1
DA:118,1
DA:119,1
DA:120,1
DA:121,1
DA:122,2
DA:123,2
DA:124,2
DA:125,2
DA:126,2
DA:127,2
DA:128,2
DA:129,2
DA:130,2
DA:131,2
DA:132,1
DA:133,1
DA:134,0
DA:135,0
DA:136,0
DA:137,0
DA:138,1
DA:139,1
DA:140,1
DA:141,2
DA:142,1
DA:143,1
DA:144,0
DA:145,0
DA:146,0
DA:147,0
DA:148,1
DA:149,1
DA:150,1
DA:151,1
DA:152,2
DA:153,1
DA:154,1
DA:155,1
DA:156,1
DA:157,1
DA:158,1
DA:159,1
DA:160,2
DA:161,1
DA:162,1
DA:163,1
DA:164,1
DA:165,1
DA:166,1
DA:167,2
DA:168,1
DA:169,0
DA:170,0
DA:171,1
DA:172,1
DA:173,1
DA:174,1
DA:175,1
DA:176,1
DA:177,2
DA:178,1
DA:179,1
DA:180,1
DA:181,1
DA:182,1
DA:183,1
DA:184,1
DA:185,1
DA:186,1
DA:187,1
DA:188,1
DA:189,1
DA:190,1
DA:191,1
DA:192,1
DA:193,1
DA:194,1
DA:195,1
DA:196,1
DA:197,1
DA:198,1
DA:199,1
DA:200,0
DA:201,0
DA:202,0
DA:203,0
DA:204,2
LF:204
LH:166
BRDA:7,0,0,4
BRDA:8,1,0,2
BRDA:17,2,0,1
BRDA:24,3,0,1
BRDA:28,4,0,1
BRDA:29,5,0,1
BRDA:32,6,0,1
BRDA:32,7,0,1
BRDA:32,8,0,1
BRDA:34,9,0,0
BRDA:42,10,0,1
BRDA:42,11,0,1
BRDA:53,12,0,1
BRDA:55,13,0,0
BRDA:61,14,0,1
BRDA:68,15,0,1
BRDA:69,16,0,0
BRDA:77,17,0,1
BRDA:79,18,0,0
BRDA:101,19,0,0
BRDA:15,20,0,4
BRDA:33,21,0,1
BRDA:43,22,0,1
BRDA:107,23,0,2
BRDA:108,24,0,0
BRDA:116,25,0,1
BRDA:123,26,0,1
BRDA:127,27,0,1
BRDA:128,28,0,1
BRDA:131,29,0,1
BRDA:131,30,0,1
BRDA:131,31,0,1
BRDA:133,32,0,0
BRDA:141,33,0,1
BRDA:141,34,0,1
BRDA:143,35,0,0
BRDA:152,36,0,1
BRDA:160,37,0,1
BRDA:167,38,0,1
BRDA:168,39,0,0
BRDA:177,40,0,1
BRDA:200,41,0,0
BRDA:114,42,0,2
BRDA:132,43,0,1
BRF:44
BRH:34
end_of_record
TN:
SF:src/routers/user/post.ts
FN:6,postUser
FNF:1
FNH:1
FNDA:5,postUser
DA:1,1
DA:2,1
DA:3,1
DA:4,1
DA:5,1
DA:6,1
DA:7,5
DA:8,5
DA:9,5
DA:10,5
DA:11,5
DA:12,5
DA:13,5
DA:14,5
DA:15,1
DA:16,1
DA:17,5
DA:18,5
DA:19,5
DA:20,5
DA:21,5
DA:22,0
DA:23,0
DA:24,5
DA:25,5
DA:26,5
DA:27,5
DA:28,5
DA:29,1
DA:30,1
DA:31,5
DA:32,5
DA:33,4
DA:34,4
DA:35,4
DA:36,4
DA:37,4
DA:38,4
DA:39,1
DA:40,1
DA:41,1
DA:42,1
DA:43,1
DA:44,1
DA:45,1
DA:46,1
DA:47,1
DA:48,1
DA:49,4
DA:50,4
DA:51,4
DA:52,4
DA:53,4
DA:54,4
DA:55,5
DA:56,1
DA:57,1
DA:58,5
LF:58
LH:56
BRDA:6,0,0,5
BRDA:14,1,0,1
BRDA:21,2,0,0
BRDA:28,3,0,1
BRDA:33,4,0,4
BRDA:38,5,0,1
BRDA:55,6,0,1
BRF:7
BRH:6
end_of_record
TN:
SF:src/tools/tools.ts
FN:10,UsersExist
FN:18,GroupsExist
FN:27,ChallengesExist
FN:35,TracksExist
FNF:4
FNH:3
FNDA:6,UsersExist
FNDA:1,GroupsExist
FNDA:0,ChallengesExist
FNDA:4,TracksExist
DA:1,1
DA:2,1
DA:3,1
DA:4,1
DA:5,1
DA:6,1
DA:7,1
DA:8,1
DA:9,1
DA:10,1
DA:11,6
DA:12,6
DA:13,0
DA:14,0
DA:15,6
DA:16,6
DA:17,1
DA:18,1
DA:19,1
DA:20,1
DA:21,0
DA:22,0
DA:23,1
DA:24,1
DA:25,1
DA:26,1
DA:27,1
DA:28,0
DA:29,0
DA:30,0
DA:31,0
DA:32,0
DA:33,0
DA:34,1
DA:35,1
DA:36,4
DA:37,4
DA:38,0
DA:39,0
DA:40,4
DA:41,4
LF:41
LH:29
BRDA:10,0,0,6
BRDA:12,1,0,0
BRDA:18,2,0,1
BRDA:20,3,0,0
BRDA:35,4,0,4
BRDA:37,5,0,0
BRF:6
BRH:3
end_of_record
